IQ-TREE multicore version 1.6.11 for Mac OS X 64-bit built Jun  6 2019
Developed by Bui Quang Minh, Nguyen Lam Tung, Olga Chernomor,
Heiko Schmidt, Dominik Schrempf, Michael Woodhams.

Host:    Xuans-MacBook-Pro.local (AVX2, FMA3, 8 GB RAM)
Command: vendor/iqtree-1.6.11-MacOSX/bin/iqtree -s tmp/tmp_fasta/2019_07_17_15_25_11.afa -nt AUTO -m Dayhoff -bb 1000 -quiet -st AA
Seed:    36428 (Using SPRNG - Scalable Parallel Random Number Generator)
Time:    Wed Jul 17 15:25:17 2019
Kernel:  AVX+FMA - auto-detect threads (4 CPU cores detected)

Reading alignment file tmp/tmp_fasta/2019_07_17_15_25_11.afa ... Fasta format detected
Alignment most likely contains protein sequences
Alignment has 615 sequences with 1752 columns, 1346 distinct patterns
999 parsimony-informative, 250 singleton sites, 503 constant sites
WARNING: Some sequence names are changed as follows:
KB1338_1(KB1_27) -> KB1338_1_KB1_27_
KB13241_2(KB1_16) -> KB13241_2_KB1_16_
KB13107_2(KB1_24) -> KB13107_2_KB1_24_
KB13241_1(KB1_15) -> KB13241_1_KB1_15_
KB13241_3(KB1_17) -> KB13241_3_KB1_17_
KB13108_1(KB1_26) -> KB13108_1_KB1_26_
KB13241_4(KB1_18) -> KB13241_4_KB1_18_
KB13107_1(KB1_23) -> KB13107_1_KB1_23_
KB13241_6(KB1_20) -> KB13241_6_KB1_20_
KB11024_1(KB1_25) -> KB11024_1_KB1_25_
KB13241_8(KB1_21) -> KB13241_8_KB1_21_
KB13241_5(KB1_19) -> KB13241_5_KB1_19_

ERROR: Duplicated sequence name 8657036VS
ERROR: Duplicated sequence name Dm11a5_1395
ERROR: Duplicated sequence name Dm11a5_1397
ERROR: Duplicated sequence name Dm11a5_1402
ERROR: Duplicated sequence name Dm11a5_1404
ERROR: Please rename sequences listed above!
